Build started 2017/3/16 5:17:42.
     1>Project "G:\opengl\end\end\end.vcxproj" on node 2 (Build target(s)).
     1>ClCompile:
         B:\vs2013update5\install\VC\bin\CL.exe /c /ZI /nologo /W3 /WX- /sdl /Od /Oy- /D _MBCS /Gm /EHsc /RTC1 /MDd /GS /fp:precise /Zc:wchar_t /Zc:forScope /Fo"Debug\\" /Fd"Debug\vc120.pdb" /Gd /TP /analyze- /errorReport:prompt C:\Users\YYY\Desktop\Breakout\app1\app1\Game.cpp C:\Users\YYY\Desktop\Breakout\app1\app1\Source.cpp C:\Users\YYY\Desktop\Breakout\app1\app1\ball_object.cpp C:\Users\YYY\Desktop\Breakout\app1\app1\game_level.cpp C:\Users\YYY\Desktop\Breakout\app1\app1\game_object.cpp C:\Users\YYY\Desktop\Breakout\app1\app1\particle_generator.cpp
         Game.cpp
     1>c:\users\yyy\desktop\breakout\app1\app1\game.cpp(26): warning C4351: new behavior: elements of array 'Game::Keys' will be default initialized
     1>c:\users\yyy\desktop\breakout\app1\app1\game.cpp(60): warning C4244: 'argument' : conversion from 'double' to 'GLuint', possible loss of data
     1>c:\users\yyy\desktop\breakout\app1\app1\game.cpp(61): warning C4244: 'argument' : conversion from 'double' to 'GLuint', possible loss of data
     1>c:\users\yyy\desktop\breakout\app1\app1\game.cpp(62): warning C4244: 'argument' : conversion from 'double' to 'GLuint', possible loss of data
     1>c:\users\yyy\desktop\breakout\app1\app1\game.cpp(63): warning C4244: 'argument' : conversion from 'double' to 'GLuint', possible loss of data
     1>c:\users\yyy\desktop\breakout\app1\app1\game.cpp(142): warning C4244: 'argument' : conversion from 'float' to 'GLuint', possible loss of data
     1>c:\users\yyy\desktop\breakout\app1\app1\game.cpp(144): warning C4244: 'argument' : conversion from 'float' to 'GLuint', possible loss of data
     1>c:\users\yyy\desktop\breakout\app1\app1\game.cpp(146): warning C4244: 'argument' : conversion from 'float' to 'GLuint', possible loss of data
     1>c:\users\yyy\desktop\breakout\app1\app1\game.cpp(148): warning C4244: 'argument' : conversion from 'float' to 'GLuint', possible loss of data
         Generating Code...
         Compiling...
         Source.cpp
     1>c:\users\yyy\desktop\breakout\app1\app1\source.cpp(72): warning C4244: 'initializing' : conversion from 'double' to 'GLfloat', possible loss of data
         Generating Code...
         Skipping... (no relevant changes detected)
         particle_generator.cpp
         game_object.cpp
         game_level.cpp
         ball_object.cpp
       Link:
         B:\vs2013update5\install\VC\bin\link.exe /ERRORREPORT:PROMPT /OUT:"G:\opengl\end\Debug\end.exe" /INCREMENTAL /NOLOGO /LIBPATH:F:\CMake\lib opengl32.lib glfw3.lib glew32s.lib SOIL.lib kernel32.lib user32.lib gdi32.lib winspool.lib comdlg32.lib advapi32.lib shell32.lib ole32.lib oleaut32.lib uuid.lib odbc32.lib odbccp32.lib /NODEFAULTLIB:LIBCMT.lib /MANIFEST /MANIFESTUAC:"level='asInvoker' uiAccess='false'" /manifest:embed /DEBUG /PDB:"G:\opengl\end\Debug\end.pdb" /TLBID:1 /DYNAMICBASE /NXCOMPAT /IMPLIB:"G:\opengl\end\Debug\end.lib" /MACHINE:X86 Debug\ball_object.obj
         Debug\Game.obj
         Debug\game_level.obj
         Debug\game_object.obj
         Debug\particle_generator.obj
         Debug\post_processor.obj
         Debug\ResourceManager.obj
         Debug\Shader.obj
         Debug\Source.obj
         Debug\SpriteRenderer.obj
         Debug\Texture.obj
     1>particle_generator.obj : warning LNK4049: locally defined symbol ___glewBindBuffer imported
     1>post_processor.obj : warning LNK4049: locally defined symbol ___glewBindBuffer imported
     1>SpriteRenderer.obj : warning LNK4049: locally defined symbol ___glewBindBuffer imported
     1>particle_generator.obj : warning LNK4049: locally defined symbol ___glewBufferData imported
     1>post_processor.obj : warning LNK4049: locally defined symbol ___glewBufferData imported
     1>SpriteRenderer.obj : warning LNK4049: locally defined symbol ___glewBufferData imported
     1>particle_generator.obj : warning LNK4049: locally defined symbol ___glewGenBuffers imported
     1>post_processor.obj : warning LNK4049: locally defined symbol ___glewGenBuffers imported
     1>SpriteRenderer.obj : warning LNK4049: locally defined symbol ___glewGenBuffers imported
     1>particle_generator.obj : warning LNK4049: locally defined symbol ___glewEnableVertexAttribArray imported
     1>post_processor.obj : warning LNK4049: locally defined symbol ___glewEnableVertexAttribArray imported
     1>SpriteRenderer.obj : warning LNK4049: locally defined symbol ___glewEnableVertexAttribArray imported
     1>particle_generator.obj : warning LNK4049: locally defined symbol ___glewVertexAttribPointer imported
     1>post_processor.obj : warning LNK4049: locally defined symbol ___glewVertexAttribPointer imported
     1>SpriteRenderer.obj : warning LNK4049: locally defined symbol ___glewVertexAttribPointer imported
     1>particle_generator.obj : warning LNK4049: locally defined symbol ___glewBindVertexArray imported
     1>post_processor.obj : warning LNK4049: locally defined symbol ___glewBindVertexArray imported
     1>SpriteRenderer.obj : warning LNK4049: locally defined symbol ___glewBindVertexArray imported
     1>particle_generator.obj : warning LNK4049: locally defined symbol ___glewGenVertexArrays imported
     1>post_processor.obj : warning LNK4049: locally defined symbol ___glewGenVertexArrays imported
     1>SpriteRenderer.obj : warning LNK4049: locally defined symbol ___glewGenVertexArrays imported
     1>post_processor.obj : warning LNK4049: locally defined symbol ___glewActiveTexture imported
     1>SpriteRenderer.obj : warning LNK4217: locally defined symbol ___glewActiveTexture imported in function "public: __thiscall std::_Generic_error_category::_Generic_error_category(void)" (??0_Generic_error_category@std@@QAE@XZ)
     1>post_processor.obj : warning LNK4049: locally defined symbol ___glewGetUniformLocation imported
     1>Shader.obj : warning LNK4049: locally defined symbol ___glewGetUniformLocation imported
     1>post_processor.obj : warning LNK4049: locally defined symbol ___glewUniform1fv imported
     1>post_processor.obj : warning LNK4049: locally defined symbol ___glewUniform1iv imported
     1>post_processor.obj : warning LNK4049: locally defined symbol ___glewUniform2fv imported
     1>post_processor.obj : warning LNK4049: locally defined symbol ___glewBindFramebuffer imported
     1>post_processor.obj : warning LNK4049: locally defined symbol ___glewBindRenderbuffer imported
     1>post_processor.obj : warning LNK4049: locally defined symbol ___glewBlitFramebuffer imported
     1>post_processor.obj : warning LNK4049: locally defined symbol ___glewCheckFramebufferStatus imported
     1>post_processor.obj : warning LNK4049: locally defined symbol ___glewFramebufferRenderbuffer imported
     1>post_processor.obj : warning LNK4049: locally defined symbol ___glewFramebufferTexture2D imported
     1>post_processor.obj : warning LNK4049: locally defined symbol ___glewGenFramebuffers imported
     1>post_processor.obj : warning LNK4049: locally defined symbol ___glewGenRenderbuffers imported
     1>post_processor.obj : warning LNK4049: locally defined symbol ___glewRenderbufferStorageMultisample imported
     1>ResourceManager.obj : warning LNK4049: locally defined symbol ___glewDeleteProgram imported
     1>Shader.obj : warning LNK4049: locally defined symbol ___glewAttachShader imported
     1>Shader.obj : warning LNK4049: locally defined symbol ___glewCompileShader imported
     1>Shader.obj : warning LNK4049: locally defined symbol ___glewCreateProgram imported
     1>Shader.obj : warning LNK4049: locally defined symbol ___glewCreateShader imported
     1>Shader.obj : warning LNK4049: locally defined symbol ___glewDeleteShader imported
     1>Shader.obj : warning LNK4049: locally defined symbol ___glewGetProgramInfoLog imported
     1>Shader.obj : warning LNK4049: locally defined symbol ___glewGetProgramiv imported
     1>Shader.obj : warning LNK4049: locally defined symbol ___glewGetShaderInfoLog imported
     1>Shader.obj : warning LNK4049: locally defined symbol ___glewGetShaderiv imported
     1>Shader.obj : warning LNK4049: locally defined symbol ___glewLinkProgram imported
     1>Shader.obj : warning LNK4049: locally defined symbol ___glewShaderSource imported
     1>Shader.obj : warning LNK4049: locally defined symbol ___glewUniform1f imported
     1>Shader.obj : warning LNK4049: locally defined symbol ___glewUniform1i imported
     1>Shader.obj : warning LNK4049: locally defined symbol ___glewUniform2f imported
     1>Shader.obj : warning LNK4049: locally defined symbol ___glewUniform3f imported
     1>Shader.obj : warning LNK4049: locally defined symbol ___glewUniform4f imported
     1>Shader.obj : warning LNK4049: locally defined symbol ___glewUniformMatrix4fv imported
     1>Shader.obj : warning LNK4049: locally defined symbol ___glewUseProgram imported
     1>SpriteRenderer.obj : warning LNK4049: locally defined symbol ___glewDeleteVertexArrays imported
     1>glfw3.lib(context.obj) : warning LNK4099: PDB 'vc120.pdb' was not found with 'glfw3.lib(context.obj)' or at 'G:\opengl\end\Debug\vc120.pdb'; linking object as if no debug info
     1>glfw3.lib(init.obj) : warning LNK4099: PDB 'vc120.pdb' was not found with 'glfw3.lib(init.obj)' or at 'G:\opengl\end\Debug\vc120.pdb'; linking object as if no debug info
     1>glfw3.lib(input.obj) : warning LNK4099: PDB 'vc120.pdb' was not found with 'glfw3.lib(input.obj)' or at 'G:\opengl\end\Debug\vc120.pdb'; linking object as if no debug info
     1>glfw3.lib(monitor.obj) : warning LNK4099: PDB 'vc120.pdb' was not found with 'glfw3.lib(monitor.obj)' or at 'G:\opengl\end\Debug\vc120.pdb'; linking object as if no debug info
     1>glfw3.lib(vulkan.obj) : warning LNK4099: PDB 'vc120.pdb' was not found with 'glfw3.lib(vulkan.obj)' or at 'G:\opengl\end\Debug\vc120.pdb'; linking object as if no debug info
     1>glfw3.lib(window.obj) : warning LNK4099: PDB 'vc120.pdb' was not found with 'glfw3.lib(window.obj)' or at 'G:\opengl\end\Debug\vc120.pdb'; linking object as if no debug info
     1>glfw3.lib(win32_init.obj) : warning LNK4099: PDB 'vc120.pdb' was not found with 'glfw3.lib(win32_init.obj)' or at 'G:\opengl\end\Debug\vc120.pdb'; linking object as if no debug info
     1>glfw3.lib(win32_joystick.obj) : warning LNK4099: PDB 'vc120.pdb' was not found with 'glfw3.lib(win32_joystick.obj)' or at 'G:\opengl\end\Debug\vc120.pdb'; linking object as if no debug info
     1>glfw3.lib(win32_monitor.obj) : warning LNK4099: PDB 'vc120.pdb' was not found with 'glfw3.lib(win32_monitor.obj)' or at 'G:\opengl\end\Debug\vc120.pdb'; linking object as if no debug info
     1>glfw3.lib(win32_time.obj) : warning LNK4099: PDB 'vc120.pdb' was not found with 'glfw3.lib(win32_time.obj)' or at 'G:\opengl\end\Debug\vc120.pdb'; linking object as if no debug info
     1>glfw3.lib(win32_tls.obj) : warning LNK4099: PDB 'vc120.pdb' was not found with 'glfw3.lib(win32_tls.obj)' or at 'G:\opengl\end\Debug\vc120.pdb'; linking object as if no debug info
     1>glfw3.lib(win32_window.obj) : warning LNK4099: PDB 'vc120.pdb' was not found with 'glfw3.lib(win32_window.obj)' or at 'G:\opengl\end\Debug\vc120.pdb'; linking object as if no debug info
     1>glfw3.lib(wgl_context.obj) : warning LNK4099: PDB 'vc120.pdb' was not found with 'glfw3.lib(wgl_context.obj)' or at 'G:\opengl\end\Debug\vc120.pdb'; linking object as if no debug info
     1>glfw3.lib(egl_context.obj) : warning LNK4099: PDB 'vc120.pdb' was not found with 'glfw3.lib(egl_context.obj)' or at 'G:\opengl\end\Debug\vc120.pdb'; linking object as if no debug info
     1>glew32s.lib(glew.obj) : warning LNK4099: PDB 'vc100.pdb' was not found with 'glew32s.lib(glew.obj)' or at 'G:\opengl\end\Debug\vc100.pdb'; linking object as if no debug info
     1>SOIL.lib(image_DXT.obj) : warning LNK4099: PDB 'vc100.pdb' was not found with 'SOIL.lib(image_DXT.obj)' or at 'G:\opengl\end\Debug\vc100.pdb'; linking object as if no debug info
     1>SOIL.lib(image_helper.obj) : warning LNK4099: PDB 'vc100.pdb' was not found with 'SOIL.lib(image_helper.obj)' or at 'G:\opengl\end\Debug\vc100.pdb'; linking object as if no debug info
     1>SOIL.lib(SOIL.obj) : warning LNK4099: PDB 'vc100.pdb' was not found with 'SOIL.lib(SOIL.obj)' or at 'G:\opengl\end\Debug\vc100.pdb'; linking object as if no debug info
     1>SOIL.lib(stb_image_aug.obj) : warning LNK4099: PDB 'vc100.pdb' was not found with 'SOIL.lib(stb_image_aug.obj)' or at 'G:\opengl\end\Debug\vc100.pdb'; linking object as if no debug info
         end.vcxproj -> G:\opengl\end\Debug\end.exe
     1>Done Building Project "G:\opengl\end\end\end.vcxproj" (Build target(s)).

Build succeeded.

Time Elapsed 00:00:01.94
