f:\codes\opengl\app1\app1\debug\vc120.pdb
f:\codes\opengl\app1\app1\debug\vc120.idb
f:\codes\opengl\app1\app1\debug\game.obj
f:\codes\opengl\app1\app1\debug\resourcemanager.obj
f:\codes\opengl\app1\app1\debug\shader.obj
f:\codes\opengl\app1\app1\debug\source.obj
f:\codes\opengl\app1\app1\debug\texture.obj
f:\codes\opengl\app1\app1\debug\spriterenderer.obj
f:\codes\opengl\app1\debug\app1.ilk
f:\codes\opengl\app1\debug\app1.exe
f:\codes\opengl\app1\debug\app1.pdb
f:\codes\opengl\app1\app1\debug\app1.res
f:\codes\opengl\app1\app1\debug\app1.tlog\cl.command.1.tlog
f:\codes\opengl\app1\app1\debug\app1.tlog\cl.read.1.tlog
f:\codes\opengl\app1\app1\debug\app1.tlog\cl.write.1.tlog
f:\codes\opengl\app1\app1\debug\app1.tlog\link.command.1.tlog
f:\codes\opengl\app1\app1\debug\app1.tlog\link.read.1.tlog
f:\codes\opengl\app1\app1\debug\app1.tlog\link.write.1.tlog
f:\codes\opengl\app1\app1\debug\app1.tlog\rc.command.1.tlog
f:\codes\opengl\app1\app1\debug\app1.tlog\rc.read.1.tlog
f:\codes\opengl\app1\app1\debug\app1.tlog\rc.write.1.tlog
