Build started 2017/3/14 23:33:44.
     1>Project "F:\Codes\opengl\app1\app1\app1.vcxproj" on node 2 (Build target(s)).
     1>ClCompile:
         B:\vs2013update5\install\VC\bin\CL.exe /c /ZI /nologo /W3 /WX- /sdl /Od /Oy- /D _MBCS /Gm /EHsc /RTC1 /MDd /GS /fp:precise /Zc:wchar_t /Zc:forScope /Fo"Debug\\" /Fd"Debug\vc120.pdb" /Gd /TP /analyze- /errorReport:prompt Game.cpp ResourceManager.cpp Shader.cpp Source.cpp SpriteRenderer.cpp Texture.cpp
         Texture.cpp
         SpriteRenderer.cpp
         Source.cpp
     1>f:\codes\opengl\app1\app1\source.cpp(72): warning C4244: 'initializing' : conversion from 'double' to 'GLfloat', possible loss of data
         Shader.cpp
         ResourceManager.cpp
         Game.cpp
     1>f:\codes\opengl\app1\app1\game.cpp(20): warning C4351: new behavior: elements of array 'Game::Keys' will be default initialized
         Generating Code...
       ResourceCompile:
         C:\Program Files (x86)\Windows Kits\8.1\bin\x86\rc.exe /l"0x0409" /nologo /fo"Debug\app1.res" app1.rc 
       Link:
         B:\vs2013update5\install\VC\bin\link.exe /ERRORREPORT:PROMPT /OUT:"F:\Codes\opengl\demo\Debug\app1.exe" /INCREMENTAL /NOLOGO /LIBPATH:F:\CMake\lib opengl32.lib glfw3.lib glew32s.lib SOIL.lib kernel32.lib user32.lib gdi32.lib winspool.lib comdlg32.lib advapi32.lib shell32.lib ole32.lib oleaut32.lib uuid.lib odbc32.lib odbccp32.lib /NODEFAULTLIB:LIBCMT.lib /MANIFEST /MANIFESTUAC:"level='asInvoker' uiAccess='false'" /manifest:embed /DEBUG /PDB:"F:\Codes\opengl\demo\Debug\app1.pdb" /TLBID:1 /DYNAMICBASE /NXCOMPAT /IMPLIB:"F:\Codes\opengl\demo\Debug\app1.lib" /MACHINE:X86 Debug\app1.res
         Debug\Game.obj
         Debug\ResourceManager.obj
         Debug\Shader.obj
         Debug\Source.obj
         Debug\SpriteRenderer.obj
         Debug\Texture.obj
     1>ResourceManager.obj : warning LNK4049: locally defined symbol ___glewDeleteProgram imported
     1>Shader.obj : warning LNK4049: locally defined symbol ___glewAttachShader imported
     1>Shader.obj : warning LNK4049: locally defined symbol ___glewCompileShader imported
     1>Shader.obj : warning LNK4049: locally defined symbol ___glewCreateProgram imported
     1>Shader.obj : warning LNK4049: locally defined symbol ___glewCreateShader imported
     1>Shader.obj : warning LNK4049: locally defined symbol ___glewDeleteShader imported
     1>Shader.obj : warning LNK4049: locally defined symbol ___glewGetProgramInfoLog imported
     1>Shader.obj : warning LNK4049: locally defined symbol ___glewGetProgramiv imported
     1>Shader.obj : warning LNK4049: locally defined symbol ___glewGetShaderInfoLog imported
     1>Shader.obj : warning LNK4049: locally defined symbol ___glewGetShaderiv imported
     1>Shader.obj : warning LNK4049: locally defined symbol ___glewGetUniformLocation imported
     1>Shader.obj : warning LNK4049: locally defined symbol ___glewLinkProgram imported
     1>Shader.obj : warning LNK4049: locally defined symbol ___glewShaderSource imported
     1>Shader.obj : warning LNK4049: locally defined symbol ___glewUniform1f imported
     1>Shader.obj : warning LNK4049: locally defined symbol ___glewUniform1i imported
     1>Shader.obj : warning LNK4049: locally defined symbol ___glewUniform2f imported
     1>Shader.obj : warning LNK4049: locally defined symbol ___glewUniform3f imported
     1>Shader.obj : warning LNK4049: locally defined symbol ___glewUniform4f imported
     1>Shader.obj : warning LNK4049: locally defined symbol ___glewUniformMatrix4fv imported
     1>Shader.obj : warning LNK4049: locally defined symbol ___glewUseProgram imported
     1>SpriteRenderer.obj : warning LNK4049: locally defined symbol ___glewActiveTexture imported
     1>SpriteRenderer.obj : warning LNK4049: locally defined symbol ___glewBindBuffer imported
     1>SpriteRenderer.obj : warning LNK4049: locally defined symbol ___glewBufferData imported
     1>SpriteRenderer.obj : warning LNK4049: locally defined symbol ___glewGenBuffers imported
     1>SpriteRenderer.obj : warning LNK4049: locally defined symbol ___glewEnableVertexAttribArray imported
     1>SpriteRenderer.obj : warning LNK4049: locally defined symbol ___glewVertexAttribPointer imported
     1>SpriteRenderer.obj : warning LNK4049: locally defined symbol ___glewBindVertexArray imported
     1>SpriteRenderer.obj : warning LNK4049: locally defined symbol ___glewDeleteVertexArrays imported
     1>SpriteRenderer.obj : warning LNK4049: locally defined symbol ___glewGenVertexArrays imported
     1>glfw3.lib(context.obj) : warning LNK4099: PDB 'vc120.pdb' was not found with 'glfw3.lib(context.obj)' or at 'F:\Codes\opengl\demo\Debug\vc120.pdb'; linking object as if no debug info
     1>glfw3.lib(init.obj) : warning LNK4099: PDB 'vc120.pdb' was not found with 'glfw3.lib(init.obj)' or at 'F:\Codes\opengl\demo\Debug\vc120.pdb'; linking object as if no debug info
     1>glfw3.lib(input.obj) : warning LNK4099: PDB 'vc120.pdb' was not found with 'glfw3.lib(input.obj)' or at 'F:\Codes\opengl\demo\Debug\vc120.pdb'; linking object as if no debug info
     1>glfw3.lib(monitor.obj) : warning LNK4099: PDB 'vc120.pdb' was not found with 'glfw3.lib(monitor.obj)' or at 'F:\Codes\opengl\demo\Debug\vc120.pdb'; linking object as if no debug info
     1>glfw3.lib(vulkan.obj) : warning LNK4099: PDB 'vc120.pdb' was not found with 'glfw3.lib(vulkan.obj)' or at 'F:\Codes\opengl\demo\Debug\vc120.pdb'; linking object as if no debug info
     1>glfw3.lib(window.obj) : warning LNK4099: PDB 'vc120.pdb' was not found with 'glfw3.lib(window.obj)' or at 'F:\Codes\opengl\demo\Debug\vc120.pdb'; linking object as if no debug info
     1>glfw3.lib(win32_init.obj) : warning LNK4099: PDB 'vc120.pdb' was not found with 'glfw3.lib(win32_init.obj)' or at 'F:\Codes\opengl\demo\Debug\vc120.pdb'; linking object as if no debug info
     1>glfw3.lib(win32_joystick.obj) : warning LNK4099: PDB 'vc120.pdb' was not found with 'glfw3.lib(win32_joystick.obj)' or at 'F:\Codes\opengl\demo\Debug\vc120.pdb'; linking object as if no debug info
     1>glfw3.lib(win32_monitor.obj) : warning LNK4099: PDB 'vc120.pdb' was not found with 'glfw3.lib(win32_monitor.obj)' or at 'F:\Codes\opengl\demo\Debug\vc120.pdb'; linking object as if no debug info
     1>glfw3.lib(win32_time.obj) : warning LNK4099: PDB 'vc120.pdb' was not found with 'glfw3.lib(win32_time.obj)' or at 'F:\Codes\opengl\demo\Debug\vc120.pdb'; linking object as if no debug info
     1>glfw3.lib(win32_tls.obj) : warning LNK4099: PDB 'vc120.pdb' was not found with 'glfw3.lib(win32_tls.obj)' or at 'F:\Codes\opengl\demo\Debug\vc120.pdb'; linking object as if no debug info
     1>glfw3.lib(win32_window.obj) : warning LNK4099: PDB 'vc120.pdb' was not found with 'glfw3.lib(win32_window.obj)' or at 'F:\Codes\opengl\demo\Debug\vc120.pdb'; linking object as if no debug info
     1>glfw3.lib(wgl_context.obj) : warning LNK4099: PDB 'vc120.pdb' was not found with 'glfw3.lib(wgl_context.obj)' or at 'F:\Codes\opengl\demo\Debug\vc120.pdb'; linking object as if no debug info
     1>glfw3.lib(egl_context.obj) : warning LNK4099: PDB 'vc120.pdb' was not found with 'glfw3.lib(egl_context.obj)' or at 'F:\Codes\opengl\demo\Debug\vc120.pdb'; linking object as if no debug info
     1>glew32s.lib(glew.obj) : warning LNK4099: PDB 'vc100.pdb' was not found with 'glew32s.lib(glew.obj)' or at 'F:\Codes\opengl\demo\Debug\vc100.pdb'; linking object as if no debug info
     1>SOIL.lib(image_DXT.obj) : warning LNK4099: PDB 'vc100.pdb' was not found with 'SOIL.lib(image_DXT.obj)' or at 'F:\Codes\opengl\demo\Debug\vc100.pdb'; linking object as if no debug info
     1>SOIL.lib(image_helper.obj) : warning LNK4099: PDB 'vc100.pdb' was not found with 'SOIL.lib(image_helper.obj)' or at 'F:\Codes\opengl\demo\Debug\vc100.pdb'; linking object as if no debug info
     1>SOIL.lib(SOIL.obj) : warning LNK4099: PDB 'vc100.pdb' was not found with 'SOIL.lib(SOIL.obj)' or at 'F:\Codes\opengl\demo\Debug\vc100.pdb'; linking object as if no debug info
     1>SOIL.lib(stb_image_aug.obj) : warning LNK4099: PDB 'vc100.pdb' was not found with 'SOIL.lib(stb_image_aug.obj)' or at 'F:\Codes\opengl\demo\Debug\vc100.pdb'; linking object as if no debug info
         app1.vcxproj -> F:\Codes\opengl\demo\Debug\app1.exe
     1>Done Building Project "F:\Codes\opengl\app1\app1\app1.vcxproj" (Build target(s)).

Build succeeded.

Time Elapsed 00:00:03.48
